2020-10-12 22:54:09.690  INFO 16840 --- [restartedMain] c.e.rest.EarthquekesRestApplication      : Starting EarthquekesRestApplication on DESKTOP-BFNAVM8 with PID 16840 (C:\Users\Norma Hernandez\Desktop\workspace\earthquekes-rest\target\classes started by Norma Hernandez in C:\Users\Norma Hernandez\Desktop\workspace\earthquekes-rest)
2020-10-12 22:54:09.691  INFO 16840 --- [restartedMain] c.e.rest.EarthquekesRestApplication      : No active profile set, falling back to default profiles: default
2020-10-12 22:54:10.044  INFO 16840 --- [restartedMain] .s.d.r.c.RepositoryConfigurationDelegate : Bootstrapping Spring Data JPA repositories in DEFERRED mode.
2020-10-12 22:54:10.051  INFO 16840 --- [restartedMain] .s.d.r.c.RepositoryConfigurationDelegate : Finished Spring Data repository scanning in 5ms. Found 0 JPA repository interfaces.
2020-10-12 22:54:10.152  INFO 16840 --- [restartedMain] o.s.b.w.embedded.tomcat.TomcatWebServer  : Tomcat initialized with port(s): 9090 (http)
2020-10-12 22:54:10.153  INFO 16840 --- [restartedMain] o.apache.catalina.core.StandardService   : Starting service [Tomcat]
2020-10-12 22:54:10.154  INFO 16840 --- [restartedMain] org.apache.catalina.core.StandardEngine  : Starting Servlet engine: [Apache Tomcat/9.0.38]
2020-10-12 22:54:10.184  INFO 16840 --- [restartedMain] o.a.c.c.C.[Tomcat].[localhost].[/]       : Initializing Spring embedded WebApplicationContext
2020-10-12 22:54:10.184  INFO 16840 --- [restartedMain] w.s.c.ServletWebServerApplicationContext : Root WebApplicationContext: initialization completed in 491 ms
2020-10-12 22:54:10.203  INFO 16840 --- [restartedMain] com.zaxxer.hikari.HikariDataSource       : HikariPool-4 - Starting...
2020-10-12 22:54:10.206  INFO 16840 --- [restartedMain] com.zaxxer.hikari.HikariDataSource       : HikariPool-4 - Start completed.
2020-10-12 22:54:10.207  INFO 16840 --- [restartedMain] o.s.b.a.h2.H2ConsoleAutoConfiguration    : H2 console available at '/h2-console'. Database available at 'jdbc:h2:mem:testdb'
2020-10-12 22:54:10.235  INFO 16840 --- [restartedMain] o.s.s.concurrent.ThreadPoolTaskExecutor  : Initializing ExecutorService 'applicationTaskExecutor'
2020-10-12 22:54:10.242  INFO 16840 --- [task-1] o.hibernate.jpa.internal.util.LogHelper  : HHH000204: Processing PersistenceUnitInfo [name: default]
2020-10-12 22:54:10.255  INFO 16840 --- [task-1] org.hibernate.dialect.Dialect            : HHH000400: Using dialect: org.hibernate.dialect.H2Dialect
2020-10-12 22:54:10.292  INFO 16840 --- [task-1] o.h.e.t.j.p.i.JtaPlatformInitiator       : HHH000490: Using JtaPlatform implementation: [org.hibernate.engine.transaction.jta.platform.internal.NoJtaPlatform]
2020-10-12 22:54:10.293  INFO 16840 --- [task-1] j.LocalContainerEntityManagerFactoryBean : Initialized JPA EntityManagerFactory for persistence unit 'default'
2020-10-12 22:54:10.340  INFO 16840 --- [task-2] o.s.b.d.a.OptionalLiveReloadServer       : LiveReload server is running on port 35729
2020-10-12 22:54:10.352  WARN 16840 --- [restartedMain] JpaBaseConfiguration$JpaWebConfiguration : spring.jpa.open-in-view is enabled by default. Therefore, database queries may be performed during view rendering. Explicitly configure spring.jpa.open-in-view to disable this warning
2020-10-12 22:54:10.399  INFO 16840 --- [restartedMain] pertySourcedRequestMappingHandlerMapping : Mapped URL path [/v2/api-docs] onto method [springfox.documentation.swagger2.web.Swagger2Controller#getDocumentation(String, HttpServletRequest)]
2020-10-12 22:54:10.494  INFO 16840 --- [restartedMain] o.s.b.w.embedded.tomcat.TomcatWebServer  : Tomcat started on port(s): 9090 (http) with context path ''
2020-10-12 22:54:10.495  INFO 16840 --- [restartedMain] d.s.w.p.DocumentationPluginsBootstrapper : Context refreshed
2020-10-12 22:54:10.496  INFO 16840 --- [restartedMain] d.s.w.p.DocumentationPluginsBootstrapper : Found 1 custom documentation plugin(s)
2020-10-12 22:54:10.505  INFO 16840 --- [restartedMain] s.d.s.w.s.ApiListingReferenceScanner     : Scanning for api listing references
2020-10-12 22:54:10.519  INFO 16840 --- [restartedMain] DeferredRepositoryInitializationListener : Triggering deferred initialization of Spring Data repositories…
2020-10-12 22:54:10.520  INFO 16840 --- [restartedMain] DeferredRepositoryInitializationListener : Spring Data repositories initialized!
2020-10-12 22:54:10.522  INFO 16840 --- [restartedMain] c.e.rest.EarthquekesRestApplication      : Started EarthquekesRestApplication in 0.878 seconds (JVM running for 263.313)
2020-10-12 22:54:10.524  INFO 16840 --- [restartedMain] .ConditionEvaluationDeltaLoggingListener : Condition evaluation unchanged
2020-10-12 22:54:11.185  INFO 16840 --- [RMI TCP Connection(17)-127.0.0.1] inMXBeanRegistrar$SpringApplicationAdmin : Application shutdown requested.
2020-10-12 22:54:11.268  INFO 16840 --- [RMI TCP Connection(17)-127.0.0.1] j.LocalContainerEntityManagerFactoryBean : Closing JPA EntityManagerFactory for persistence unit 'default'
2020-10-12 22:54:11.269  INFO 16840 --- [RMI TCP Connection(17)-127.0.0.1] .SchemaDropperImpl$DelayedDropActionImpl : HHH000477: Starting delayed evictData of schema as part of SessionFactory shut-down'
2020-10-12 22:54:11.272  INFO 16840 --- [RMI TCP Connection(17)-127.0.0.1] o.s.s.concurrent.ThreadPoolTaskExecutor  : Shutting down ExecutorService 'applicationTaskExecutor'
2020-10-12 22:54:11.473  WARN 16840 --- [RMI TCP Connection(17)-127.0.0.1] o.s.b.f.support.DisposableBeanAdapter    : Invocation of destroy method failed on bean with name 'inMemoryDatabaseShutdownExecutor': org.h2.jdbc.JdbcSQLNonTransientConnectionException: Database is already closed (to disable automatic closing at VM shutdown, add ";DB_CLOSE_ON_EXIT=FALSE" to the db URL) [90121-200]
2020-10-12 22:54:11.474  INFO 16840 --- [RMI TCP Connection(17)-127.0.0.1] com.zaxxer.hikari.HikariDataSource       : HikariPool-4 - Shutdown initiated...
2020-10-12 22:54:11.479  INFO 16840 --- [RMI TCP Connection(17)-127.0.0.1] com.zaxxer.hikari.HikariDataSource       : HikariPool-4 - Shutdown completed.
2020-10-12 22:54:37.890  INFO 12056 --- [restartedMain] c.e.rest.EarthquekesRestApplication      : Starting EarthquekesRestApplication on DESKTOP-BFNAVM8 with PID 12056 (C:\Users\Norma Hernandez\Desktop\workspace\earthquekes-rest\target\classes started by Norma Hernandez in C:\Users\Norma Hernandez\Desktop\workspace\earthquekes-rest)
2020-10-12 22:54:37.892  INFO 12056 --- [restartedMain] c.e.rest.EarthquekesRestApplication      : No active profile set, falling back to default profiles: default
2020-10-12 22:54:37.957  INFO 12056 --- [restartedMain] .e.DevToolsPropertyDefaultsPostProcessor : Devtools property defaults active! Set 'spring.devtools.add-properties' to 'false' to disable
2020-10-12 22:54:37.958  INFO 12056 --- [restartedMain] .e.DevToolsPropertyDefaultsPostProcessor : For additional web related logging consider setting the 'logging.level.web' property to 'DEBUG'
2020-10-12 22:54:39.002  INFO 12056 --- [restartedMain] .s.d.r.c.RepositoryConfigurationDelegate : Bootstrapping Spring Data JPA repositories in DEFERRED mode.
2020-10-12 22:54:39.029  INFO 12056 --- [restartedMain] .s.d.r.c.RepositoryConfigurationDelegate : Finished Spring Data repository scanning in 18ms. Found 0 JPA repository interfaces.
2020-10-12 22:54:39.637  INFO 12056 --- [restartedMain] o.s.b.w.embedded.tomcat.TomcatWebServer  : Tomcat initialized with port(s): 9090 (http)
2020-10-12 22:54:39.646  INFO 12056 --- [restartedMain] o.apache.catalina.core.StandardService   : Starting service [Tomcat]
2020-10-12 22:54:39.647  INFO 12056 --- [restartedMain] org.apache.catalina.core.StandardEngine  : Starting Servlet engine: [Apache Tomcat/9.0.38]
2020-10-12 22:54:39.756  INFO 12056 --- [restartedMain] o.a.c.c.C.[Tomcat].[localhost].[/]       : Initializing Spring embedded WebApplicationContext
2020-10-12 22:54:39.756  INFO 12056 --- [restartedMain] w.s.c.ServletWebServerApplicationContext : Root WebApplicationContext: initialization completed in 1797 ms
2020-10-12 22:54:39.815  INFO 12056 --- [restartedMain] com.zaxxer.hikari.HikariDataSource       : HikariPool-1 - Starting...
2020-10-12 22:54:39.960  INFO 12056 --- [restartedMain] com.zaxxer.hikari.HikariDataSource       : HikariPool-1 - Start completed.
2020-10-12 22:54:39.970  INFO 12056 --- [restartedMain] o.s.b.a.h2.H2ConsoleAutoConfiguration    : H2 console available at '/h2-console'. Database available at 'jdbc:h2:mem:testdb'
2020-10-12 22:54:40.151  INFO 12056 --- [restartedMain] o.s.s.concurrent.ThreadPoolTaskExecutor  : Initializing ExecutorService 'applicationTaskExecutor'
2020-10-12 22:54:40.210  INFO 12056 --- [task-1] o.hibernate.jpa.internal.util.LogHelper  : HHH000204: Processing PersistenceUnitInfo [name: default]
2020-10-12 22:54:40.279  INFO 12056 --- [task-1] org.hibernate.Version                    : HHH000412: Hibernate ORM core version 5.4.21.Final
2020-10-12 22:54:40.456  INFO 12056 --- [task-1] o.hibernate.annotations.common.Version   : HCANN000001: Hibernate Commons Annotations {5.1.0.Final}
2020-10-12 22:54:40.573  WARN 12056 --- [restartedMain] JpaBaseConfiguration$JpaWebConfiguration : spring.jpa.open-in-view is enabled by default. Therefore, database queries may be performed during view rendering. Explicitly configure spring.jpa.open-in-view to disable this warning
2020-10-12 22:54:40.624  INFO 12056 --- [task-1] org.hibernate.dialect.Dialect            : HHH000400: Using dialect: org.hibernate.dialect.H2Dialect
2020-10-12 22:54:40.778  INFO 12056 --- [restartedMain] pertySourcedRequestMappingHandlerMapping : Mapped URL path [/v2/api-docs] onto method [springfox.documentation.swagger2.web.Swagger2Controller#getDocumentation(String, HttpServletRequest)]
2020-10-12 22:54:41.006  INFO 12056 --- [restartedMain] o.s.b.d.a.OptionalLiveReloadServer       : LiveReload server is running on port 35729
2020-10-12 22:54:41.232  INFO 12056 --- [restartedMain] o.s.b.w.embedded.tomcat.TomcatWebServer  : Tomcat started on port(s): 9090 (http) with context path ''
2020-10-12 22:54:41.236  INFO 12056 --- [restartedMain] d.s.w.p.DocumentationPluginsBootstrapper : Context refreshed
2020-10-12 22:54:41.257  INFO 12056 --- [restartedMain] d.s.w.p.DocumentationPluginsBootstrapper : Found 1 custom documentation plugin(s)
2020-10-12 22:54:41.294  INFO 12056 --- [restartedMain] s.d.s.w.s.ApiListingReferenceScanner     : Scanning for api listing references
2020-10-12 22:54:41.375  INFO 12056 --- [task-1] o.h.e.t.j.p.i.JtaPlatformInitiator       : HHH000490: Using JtaPlatform implementation: [org.hibernate.engine.transaction.jta.platform.internal.NoJtaPlatform]
2020-10-12 22:54:41.382  INFO 12056 --- [task-1] j.LocalContainerEntityManagerFactoryBean : Initialized JPA EntityManagerFactory for persistence unit 'default'
2020-10-12 22:54:41.439  INFO 12056 --- [restartedMain] DeferredRepositoryInitializationListener : Triggering deferred initialization of Spring Data repositories…
2020-10-12 22:54:41.440  INFO 12056 --- [restartedMain] DeferredRepositoryInitializationListener : Spring Data repositories initialized!
2020-10-12 22:54:41.450  INFO 12056 --- [restartedMain] c.e.rest.EarthquekesRestApplication      : Started EarthquekesRestApplication in 3.977 seconds (JVM running for 5.104)
2020-10-12 22:55:11.882  INFO 12056 --- [Thread-5] j.LocalContainerEntityManagerFactoryBean : Closing JPA EntityManagerFactory for persistence unit 'default'
2020-10-12 22:55:11.883  INFO 12056 --- [Thread-5] .SchemaDropperImpl$DelayedDropActionImpl : HHH000477: Starting delayed evictData of schema as part of SessionFactory shut-down'
2020-10-12 22:55:11.888  INFO 12056 --- [Thread-5] o.s.s.concurrent.ThreadPoolTaskExecutor  : Shutting down ExecutorService 'applicationTaskExecutor'
2020-10-12 22:55:12.112  WARN 12056 --- [Thread-5] o.s.b.f.support.DisposableBeanAdapter    : Invocation of destroy method failed on bean with name 'inMemoryDatabaseShutdownExecutor': org.h2.jdbc.JdbcSQLNonTransientConnectionException: Database is already closed (to disable automatic closing at VM shutdown, add ";DB_CLOSE_ON_EXIT=FALSE" to the db URL) [90121-200]
2020-10-12 22:55:12.113  INFO 12056 --- [Thread-5] com.zaxxer.hikari.HikariDataSource       : HikariPool-1 - Shutdown initiated...
2020-10-12 22:55:12.116  INFO 12056 --- [Thread-5] com.zaxxer.hikari.HikariDataSource       : HikariPool-1 - Shutdown completed.
2020-10-12 22:55:12.165  INFO 12056 --- [restartedMain] c.e.rest.EarthquekesRestApplication      : Starting application EarthquekesRestApplication
